<?xml version="1.0" encoding="UTF-8"?>
<testsuite xmlns:xsi="http://www.w3.org/2001/XMLSchema-instance" xsi:noNamespaceSchemaLocation="https://maven.apache.org/surefire/maven-surefire-plugin/xsd/surefire-test-report.xsd" name="org.acme.quickstart.GreetingResourceTest" time="1.898" tests="2" errors="0" skipped="0" failures="0">
  <properties>
    <property name="java.specification.version" value="13"/>
    <property name="sun.jnu.encoding" value="UTF-8"/>
    <property name="java.class.path" value="/Users/rudyrajput/getting-started/target/test-classes:/Users/rudyrajput/getting-started/target/classes:/Users/rudyrajput/.m2/repository/io/quarkus/quarkus-resteasy/1.1.0.Final/quarkus-resteasy-1.1.0.Final.jar:/Users/rudyrajput/.m2/repository/io/quarkus/quarkus-vertx-http/1.1.0.Final/quarkus-vertx-http-1.1.0.Final.jar:/Users/rudyrajput/.m2/repository/io/quarkus/security/quarkus-security/1.0.1.Final/quarkus-security-1.0.1.Final.jar:/Users/rudyrajput/.m2/repository/jakarta/enterprise/jakarta.enterprise.cdi-api/2.0.2/jakarta.enterprise.cdi-api-2.0.2.jar:/Users/rudyrajput/.m2/repository/jakarta/el/jakarta.el-api/3.0.3/jakarta.el-api-3.0.3.jar:/Users/rudyrajput/.m2/repository/jakarta/interceptor/jakarta.interceptor-api/1.2.5/jakarta.interceptor-api-1.2.5.jar:/Users/rudyrajput/.m2/repository/io/quarkus/quarkus-vertx-core/1.1.0.Final/quarkus-vertx-core-1.1.0.Final.jar:/Users/rudyrajput/.m2/repository/io/quarkus/quarkus-netty/1.1.0.Final/quarkus-netty-1.1.0.Final.jar:/Users/rudyrajput/.m2/repository/io/netty/netty-codec/4.1.42.Final/netty-codec-4.1.42.Final.jar:/Users/rudyrajput/.m2/repository/io/netty/netty-handler/4.1.42.Final/netty-handler-4.1.42.Final.jar:/Users/rudyrajput/.m2/repository/io/vertx/vertx-core/3.8.4/vertx-core-3.8.4.jar:/Users/rudyrajput/.m2/repository/io/netty/netty-common/4.1.42.Final/netty-common-4.1.42.Final.jar:/Users/rudyrajput/.m2/repository/io/netty/netty-buffer/4.1.42.Final/netty-buffer-4.1.42.Final.jar:/Users/rudyrajput/.m2/repository/io/netty/netty-transport/4.1.42.Final/netty-transport-4.1.42.Final.jar:/Users/rudyrajput/.m2/repository/io/netty/netty-handler-proxy/4.1.42.Final/netty-handler-proxy-4.1.42.Final.jar:/Users/rudyrajput/.m2/repository/io/netty/netty-codec-socks/4.1.42.Final/netty-codec-socks-4.1.42.Final.jar:/Users/rudyrajput/.m2/repository/io/netty/netty-codec-http/4.1.42.Final/netty-codec-http-4.1.42.Final.jar:/Users/rudyrajput/.m2/repository/io/netty/netty-codec-http2/4.1.42.Final/netty-codec-http2-4.1.42.Final.jar:/Users/rudyrajput/.m2/repository/io/netty/netty-resolver/4.1.42.Final/netty-resolver-4.1.42.Final.jar:/Users/rudyrajput/.m2/repository/io/netty/netty-resolver-dns/4.1.42.Final/netty-resolver-dns-4.1.42.Final.jar:/Users/rudyrajput/.m2/repository/io/netty/netty-codec-dns/4.1.42.Final/netty-codec-dns-4.1.42.Final.jar:/Users/rudyrajput/.m2/repository/com/fasterxml/jackson/core/jackson-core/2.9.10/jackson-core-2.9.10.jar:/Users/rudyrajput/.m2/repository/io/vertx/vertx-web/3.8.4/vertx-web-3.8.4.jar:/Users/rudyrajput/.m2/repository/io/vertx/vertx-web-common/3.8.4/vertx-web-common-3.8.4.jar:/Users/rudyrajput/.m2/repository/io/vertx/vertx-auth-common/3.8.4/vertx-auth-common-3.8.4.jar:/Users/rudyrajput/.m2/repository/io/vertx/vertx-bridge-common/3.8.4/vertx-bridge-common-3.8.4.jar:/Users/rudyrajput/.m2/repository/io/quarkus/quarkus-resteasy-server-common/1.1.0.Final/quarkus-resteasy-server-common-1.1.0.Final.jar:/Users/rudyrajput/.m2/repository/io/quarkus/quarkus-arc/1.1.0.Final/quarkus-arc-1.1.0.Final.jar:/Users/rudyrajput/.m2/repository/io/quarkus/arc/arc/1.1.0.Final/arc-1.1.0.Final.jar:/Users/rudyrajput/.m2/repository/org/eclipse/microprofile/context-propagation/microprofile-context-propagation-api/1.0.1/microprofile-context-propagation-api-1.0.1.jar:/Users/rudyrajput/.m2/repository/io/quarkus/quarkus-resteasy-common/1.1.0.Final/quarkus-resteasy-common-1.1.0.Final.jar:/Users/rudyrajput/.m2/repository/org/jboss/resteasy/resteasy-core/4.4.1.Final/resteasy-core-4.4.1.Final.jar:/Users/rudyrajput/.m2/repository/org/jboss/spec/javax/ws/rs/jboss-jaxrs-api_2.1_spec/2.0.1.Final/jboss-jaxrs-api_2.1_spec-2.0.1.Final.jar:/Users/rudyrajput/.m2/repository/org/jboss/spec/javax/xml/bind/jboss-jaxb-api_2.3_spec/2.0.0.Final/jboss-jaxb-api_2.3_spec-2.0.0.Final.jar:/Users/rudyrajput/.m2/repository/org/jboss/resteasy/resteasy-core-spi/4.4.1.Final/resteasy-core-spi-4.4.1.Final.jar:/Users/rudyrajput/.m2/repository/org/reactivestreams/reactive-streams/1.0.3/reactive-streams-1.0.3.jar:/Users/rudyrajput/.m2/repository/org/eclipse/microprofile/config/microprofile-config-api/1.3/microprofile-config-api-1.3.jar:/Users/rudyrajput/.m2/repository/com/sun/activation/jakarta.activation/1.2.1/jakarta.activation-1.2.1.jar:/Users/rudyrajput/.m2/repository/jakarta/validation/jakarta.validation-api/2.0.2/jakarta.validation-api-2.0.2.jar:/Users/rudyrajput/.m2/repository/io/quarkus/quarkus-junit5/1.1.0.Final/quarkus-junit5-1.1.0.Final.jar:/Users/rudyrajput/.m2/repository/io/quarkus/quarkus-bootstrap-core/1.1.0.Final/quarkus-bootstrap-core-1.1.0.Final.jar:/Users/rudyrajput/.m2/repository/com/google/guava/guava/27.0.1-jre/guava-27.0.1-jre.jar:/Users/rudyrajput/.m2/repository/com/google/guava/failureaccess/1.0.1/failureaccess-1.0.1.jar:/Users/rudyrajput/.m2/repository/com/google/guava/listenablefuture/9999.0-empty-to-avoid-conflict-with-guava/listenablefuture-9999.0-empty-to-avoid-conflict-with-guava.jar:/Users/rudyrajput/.m2/repository/com/google/code/findbugs/jsr305/3.0.2/jsr305-3.0.2.jar:/Users/rudyrajput/.m2/repository/org/checkerframework/checker-qual/2.5.2/checker-qual-2.5.2.jar:/Users/rudyrajput/.m2/repository/com/google/errorprone/error_prone_annotations/2.2.0/error_prone_annotations-2.2.0.jar:/Users/rudyrajput/.m2/repository/com/google/j2objc/j2objc-annotations/1.1/j2objc-annotations-1.1.jar:/Users/rudyrajput/.m2/repository/org/codehaus/mojo/animal-sniffer-annotations/1.17/animal-sniffer-annotations-1.17.jar:/Users/rudyrajput/.m2/repository/org/apache/commons/commons-lang3/3.9/commons-lang3-3.9.jar:/Users/rudyrajput/.m2/repository/org/apache/maven/maven-embedder/3.5.4/maven-embedder-3.5.4.jar:/Users/rudyrajput/.m2/repository/org/apache/maven/maven-settings/3.5.4/maven-settings-3.5.4.jar:/Users/rudyrajput/.m2/repository/org/apache/maven/maven-core/3.5.4/maven-core-3.5.4.jar:/Users/rudyrajput/.m2/repository/org/apache/maven/maven-artifact/3.5.4/maven-artifact-3.5.4.jar:/Users/rudyrajput/.m2/repository/org/apache/maven/maven-plugin-api/3.5.4/maven-plugin-api-3.5.4.jar:/Users/rudyrajput/.m2/repository/org/apache/maven/maven-model/3.5.4/maven-model-3.5.4.jar:/Users/rudyrajput/.m2/repository/org/apache/maven/maven-model-builder/3.5.4/maven-model-builder-3.5.4.jar:/Users/rudyrajput/.m2/repository/org/apache/maven/maven-builder-support/3.5.4/maven-builder-support-3.5.4.jar:/Users/rudyrajput/.m2/repository/org/apache/maven/resolver/maven-resolver-api/1.1.1/maven-resolver-api-1.1.1.jar:/Users/rudyrajput/.m2/repository/org/apache/maven/resolver/maven-resolver-util/1.1.1/maven-resolver-util-1.1.1.jar:/Users/rudyrajput/.m2/repository/org/apache/maven/shared/maven-shared-utils/3.2.1/maven-shared-utils-3.2.1.jar:/Users/rudyrajput/.m2/repository/commons-io/commons-io/2.6/commons-io-2.6.jar:/Users/rudyrajput/.m2/repository/com/google/inject/guice/4.2.0/guice-4.2.0-no_aop.jar:/Users/rudyrajput/.m2/repository/aopalliance/aopalliance/1.0/aopalliance-1.0.jar:/Users/rudyrajput/.m2/repository/org/codehaus/plexus/plexus-utils/3.0.24/plexus-utils-3.0.24.jar:/Users/rudyrajput/.m2/repository/org/codehaus/plexus/plexus-classworlds/2.5.2/plexus-classworlds-2.5.2.jar:/Users/rudyrajput/.m2/repository/org/eclipse/sisu/org.eclipse.sisu.plexus/0.3.3/org.eclipse.sisu.plexus-0.3.3.jar:/Users/rudyrajput/.m2/repository/org/codehaus/plexus/plexus-component-annotations/1.7.1/plexus-component-annotations-1.7.1.jar:/Users/rudyrajput/.m2/repository/commons-cli/commons-cli/1.4/commons-cli-1.4.jar:/Users/rudyrajput/.m2/repository/jakarta/annotation/jakarta.annotation-api/1.3.5/jakarta.annotation-api-1.3.5.jar:/Users/rudyrajput/.m2/repository/jakarta/inject/jakarta.inject-api/1.0/jakarta.inject-api-1.0.jar:/Users/rudyrajput/.m2/repository/org/apache/maven/maven-settings-builder/3.5.4/maven-settings-builder-3.5.4.jar:/Users/rudyrajput/.m2/repository/org/codehaus/plexus/plexus-interpolation/1.24/plexus-interpolation-1.24.jar:/Users/rudyrajput/.m2/repository/org/sonatype/plexus/plexus-sec-dispatcher/1.4/plexus-sec-dispatcher-1.4.jar:/Users/rudyrajput/.m2/repository/org/sonatype/plexus/plexus-cipher/1.4/plexus-cipher-1.4.jar:/Users/rudyrajput/.m2/repository/org/apache/maven/maven-resolver-provider/3.5.4/maven-resolver-provider-3.5.4.jar:/Users/rudyrajput/.m2/repository/org/apache/maven/maven-repository-metadata/3.5.4/maven-repository-metadata-3.5.4.jar:/Users/rudyrajput/.m2/repository/org/apache/maven/resolver/maven-resolver-spi/1.1.1/maven-resolver-spi-1.1.1.jar:/Users/rudyrajput/.m2/repository/org/apache/maven/resolver/maven-resolver-impl/1.1.1/maven-resolver-impl-1.1.1.jar:/Users/rudyrajput/.m2/repository/org/apache/maven/resolver/maven-resolver-connector-basic/1.1.1/maven-resolver-connector-basic-1.1.1.jar:/Users/rudyrajput/.m2/repository/org/apache/maven/resolver/maven-resolver-transport-wagon/1.1.1/maven-resolver-transport-wagon-1.1.1.jar:/Users/rudyrajput/.m2/repository/org/apache/maven/wagon/wagon-provider-api/3.0.0/wagon-provider-api-3.0.0.jar:/Users/rudyrajput/.m2/repository/org/apache/maven/wagon/wagon-http/3.0.0/wagon-http-3.0.0.jar:/Users/rudyrajput/.m2/repository/org/apache/maven/wagon/wagon-http-shared/3.0.0/wagon-http-shared-3.0.0.jar:/Users/rudyrajput/.m2/repository/org/jsoup/jsoup/1.7.2/jsoup-1.7.2.jar:/Users/rudyrajput/.m2/repository/org/apache/maven/wagon/wagon-file/3.0.0/wagon-file-3.0.0.jar:/Users/rudyrajput/.m2/repository/org/jboss/logging/jboss-logging/3.3.2.Final/jboss-logging-3.3.2.Final.jar:/Users/rudyrajput/.m2/repository/org/jboss/logging/commons-logging-jboss-logging/1.0.0.Final/commons-logging-jboss-logging-1.0.0.Final.jar:/Users/rudyrajput/.m2/repository/io/quarkus/quarkus-test-common/1.1.0.Final/quarkus-test-common-1.1.0.Final.jar:/Users/rudyrajput/.m2/repository/io/quarkus/quarkus-core-deployment/1.1.0.Final/quarkus-core-deployment-1.1.0.Final.jar:/Users/rudyrajput/.m2/repository/io/quarkus/gizmo/gizmo/1.0.0.Final/gizmo-1.0.0.Final.jar:/Users/rudyrajput/.m2/repository/org/ow2/asm/asm-util/7.1/asm-util-7.1.jar:/Users/rudyrajput/.m2/repository/org/ow2/asm/asm-tree/7.1/asm-tree-7.1.jar:/Users/rudyrajput/.m2/repository/org/ow2/asm/asm-analysis/7.1/asm-analysis-7.1.jar:/Users/rudyrajput/.m2/repository/org/ow2/asm/asm/7.1/asm-7.1.jar:/Users/rudyrajput/.m2/repository/io/quarkus/quarkus-builder/1.1.0.Final/quarkus-builder-1.1.0.Final.jar:/Users/rudyrajput/.m2/repository/io/quarkus/quarkus-jsonp-deployment/1.1.0.Final/quarkus-jsonp-deployment-1.1.0.Final.jar:/Users/rudyrajput/.m2/repository/io/quarkus/quarkus-jsonp/1.1.0.Final/quarkus-jsonp-1.1.0.Final.jar:/Users/rudyrajput/.m2/repository/org/glassfish/jakarta.json/1.1.6/jakarta.json-1.1.6.jar:/Users/rudyrajput/.m2/repository/org/jboss/jandex/2.1.2.Final/jandex-2.1.2.Final.jar:/Users/rudyrajput/.m2/repository/org/junit/jupiter/junit-jupiter/5.5.2/junit-jupiter-5.5.2.jar:/Users/rudyrajput/.m2/repository/org/junit/jupiter/junit-jupiter-api/5.5.2/junit-jupiter-api-5.5.2.jar:/Users/rudyrajput/.m2/repository/org/apiguardian/apiguardian-api/1.1.0/apiguardian-api-1.1.0.jar:/Users/rudyrajput/.m2/repository/org/opentest4j/opentest4j/1.2.0/opentest4j-1.2.0.jar:/Users/rudyrajput/.m2/repository/org/junit/platform/junit-platform-commons/1.5.2/junit-platform-commons-1.5.2.jar:/Users/rudyrajput/.m2/repository/org/junit/jupiter/junit-jupiter-params/5.5.2/junit-jupiter-params-5.5.2.jar:/Users/rudyrajput/.m2/repository/org/junit/jupiter/junit-jupiter-engine/5.5.2/junit-jupiter-engine-5.5.2.jar:/Users/rudyrajput/.m2/repository/org/junit/platform/junit-platform-engine/1.5.2/junit-platform-engine-1.5.2.jar:/Users/rudyrajput/.m2/repository/io/quarkus/quarkus-core/1.1.0.Final/quarkus-core-1.1.0.Final.jar:/Users/rudyrajput/.m2/repository/io/smallrye/config/smallrye-config/1.5.1/smallrye-config-1.5.1.jar:/Users/rudyrajput/.m2/repository/io/smallrye/config/smallrye-config-common/1.5.1/smallrye-config-common-1.5.1.jar:/Users/rudyrajput/.m2/repository/org/jboss/logmanager/jboss-logmanager-embedded/1.0.4/jboss-logmanager-embedded-1.0.4.jar:/Users/rudyrajput/.m2/repository/org/jboss/logging/jboss-logging-annotations/2.1.0.Final/jboss-logging-annotations-2.1.0.Final.jar:/Users/rudyrajput/.m2/repository/org/jboss/threads/jboss-threads/3.0.0.Final/jboss-threads-3.0.0.Final.jar:/Users/rudyrajput/.m2/repository/org/slf4j/slf4j-api/1.7.29/slf4j-api-1.7.29.jar:/Users/rudyrajput/.m2/repository/org/jboss/slf4j/slf4j-jboss-logging/1.2.0.Final/slf4j-jboss-logging-1.2.0.Final.jar:/Users/rudyrajput/.m2/repository/org/graalvm/sdk/graal-sdk/19.2.1/graal-sdk-19.2.1.jar:/Users/rudyrajput/.m2/repository/org/wildfly/common/wildfly-common/1.5.0.Final-format-001/wildfly-common-1.5.0.Final-format-001.jar:/Users/rudyrajput/.m2/repository/io/rest-assured/rest-assured/4.1.2/rest-assured-4.1.2.jar:/Users/rudyrajput/.m2/repository/org/codehaus/groovy/groovy/2.5.8/groovy-2.5.8.jar:/Users/rudyrajput/.m2/repository/org/codehaus/groovy/groovy-xml/2.5.8/groovy-xml-2.5.8.jar:/Users/rudyrajput/.m2/repository/org/apache/httpcomponents/httpclient/4.5.10/httpclient-4.5.10.jar:/Users/rudyrajput/.m2/repository/org/apache/httpcomponents/httpcore/4.4.12/httpcore-4.4.12.jar:/Users/rudyrajput/.m2/repository/commons-codec/commons-codec/1.13/commons-codec-1.13.jar:/Users/rudyrajput/.m2/repository/org/apache/httpcomponents/httpmime/4.5.3/httpmime-4.5.3.jar:/Users/rudyrajput/.m2/repository/org/hamcrest/hamcrest/2.1/hamcrest-2.1.jar:/Users/rudyrajput/.m2/repository/org/ccil/cowan/tagsoup/tagsoup/1.2.1/tagsoup-1.2.1.jar:/Users/rudyrajput/.m2/repository/io/rest-assured/json-path/4.1.2/json-path-4.1.2.jar:/Users/rudyrajput/.m2/repository/org/codehaus/groovy/groovy-json/2.5.8/groovy-json-2.5.8.jar:/Users/rudyrajput/.m2/repository/io/rest-assured/rest-assured-common/4.1.2/rest-assured-common-4.1.2.jar:/Users/rudyrajput/.m2/repository/io/rest-assured/xml-path/4.1.2/xml-path-4.1.2.jar:/Users/rudyrajput/.m2/repository/javax/xml/bind/jaxb-api/2.3.1/jaxb-api-2.3.1.jar:/Users/rudyrajput/.m2/repository/org/apache/sling/org.apache.sling.javax.activation/0.1.0/org.apache.sling.javax.activation-0.1.0.jar:"/>
    <property name="java.vm.vendor" value="Oracle Corporation"/>
    <property name="sun.arch.data.model" value="64"/>
    <property name="java.vendor.url" value="https://java.oracle.com/"/>
    <property name="os.name" value="Mac OS X"/>
    <property name="java.vm.specification.version" value="13"/>
    <property name="sun.java.launcher" value="SUN_STANDARD"/>
    <property name="user.country" value="US"/>
    <property name="sun.boot.library.path" value="/Library/Java/JavaVirtualMachines/jdk-13.0.1.jdk/Contents/Home/lib"/>
    <property name="sun.java.command" value="/Users/rudyrajput/getting-started/target/surefire/surefirebooter16903518396598144820.jar /Users/rudyrajput/getting-started/target/surefire 2020-01-03T18-41-52_379-jvmRun1 surefire1309126125902332128tmp surefire_012585276969733923191tmp"/>
    <property name="http.nonProxyHosts" value="local|*.local|169.254/16|*.169.254/16"/>
    <property name="jdk.debug" value="release"/>
    <property name="surefire.test.class.path" value="/Users/rudyrajput/getting-started/target/test-classes:/Users/rudyrajput/getting-started/target/classes:/Users/rudyrajput/.m2/repository/io/quarkus/quarkus-resteasy/1.1.0.Final/quarkus-resteasy-1.1.0.Final.jar:/Users/rudyrajput/.m2/repository/io/quarkus/quarkus-vertx-http/1.1.0.Final/quarkus-vertx-http-1.1.0.Final.jar:/Users/rudyrajput/.m2/repository/io/quarkus/security/quarkus-security/1.0.1.Final/quarkus-security-1.0.1.Final.jar:/Users/rudyrajput/.m2/repository/jakarta/enterprise/jakarta.enterprise.cdi-api/2.0.2/jakarta.enterprise.cdi-api-2.0.2.jar:/Users/rudyrajput/.m2/repository/jakarta/el/jakarta.el-api/3.0.3/jakarta.el-api-3.0.3.jar:/Users/rudyrajput/.m2/repository/jakarta/interceptor/jakarta.interceptor-api/1.2.5/jakarta.interceptor-api-1.2.5.jar:/Users/rudyrajput/.m2/repository/io/quarkus/quarkus-vertx-core/1.1.0.Final/quarkus-vertx-core-1.1.0.Final.jar:/Users/rudyrajput/.m2/repository/io/quarkus/quarkus-netty/1.1.0.Final/quarkus-netty-1.1.0.Final.jar:/Users/rudyrajput/.m2/repository/io/netty/netty-codec/4.1.42.Final/netty-codec-4.1.42.Final.jar:/Users/rudyrajput/.m2/repository/io/netty/netty-handler/4.1.42.Final/netty-handler-4.1.42.Final.jar:/Users/rudyrajput/.m2/repository/io/vertx/vertx-core/3.8.4/vertx-core-3.8.4.jar:/Users/rudyrajput/.m2/repository/io/netty/netty-common/4.1.42.Final/netty-common-4.1.42.Final.jar:/Users/rudyrajput/.m2/repository/io/netty/netty-buffer/4.1.42.Final/netty-buffer-4.1.42.Final.jar:/Users/rudyrajput/.m2/repository/io/netty/netty-transport/4.1.42.Final/netty-transport-4.1.42.Final.jar:/Users/rudyrajput/.m2/repository/io/netty/netty-handler-proxy/4.1.42.Final/netty-handler-proxy-4.1.42.Final.jar:/Users/rudyrajput/.m2/repository/io/netty/netty-codec-socks/4.1.42.Final/netty-codec-socks-4.1.42.Final.jar:/Users/rudyrajput/.m2/repository/io/netty/netty-codec-http/4.1.42.Final/netty-codec-http-4.1.42.Final.jar:/Users/rudyrajput/.m2/repository/io/netty/netty-codec-http2/4.1.42.Final/netty-codec-http2-4.1.42.Final.jar:/Users/rudyrajput/.m2/repository/io/netty/netty-resolver/4.1.42.Final/netty-resolver-4.1.42.Final.jar:/Users/rudyrajput/.m2/repository/io/netty/netty-resolver-dns/4.1.42.Final/netty-resolver-dns-4.1.42.Final.jar:/Users/rudyrajput/.m2/repository/io/netty/netty-codec-dns/4.1.42.Final/netty-codec-dns-4.1.42.Final.jar:/Users/rudyrajput/.m2/repository/com/fasterxml/jackson/core/jackson-core/2.9.10/jackson-core-2.9.10.jar:/Users/rudyrajput/.m2/repository/io/vertx/vertx-web/3.8.4/vertx-web-3.8.4.jar:/Users/rudyrajput/.m2/repository/io/vertx/vertx-web-common/3.8.4/vertx-web-common-3.8.4.jar:/Users/rudyrajput/.m2/repository/io/vertx/vertx-auth-common/3.8.4/vertx-auth-common-3.8.4.jar:/Users/rudyrajput/.m2/repository/io/vertx/vertx-bridge-common/3.8.4/vertx-bridge-common-3.8.4.jar:/Users/rudyrajput/.m2/repository/io/quarkus/quarkus-resteasy-server-common/1.1.0.Final/quarkus-resteasy-server-common-1.1.0.Final.jar:/Users/rudyrajput/.m2/repository/io/quarkus/quarkus-arc/1.1.0.Final/quarkus-arc-1.1.0.Final.jar:/Users/rudyrajput/.m2/repository/io/quarkus/arc/arc/1.1.0.Final/arc-1.1.0.Final.jar:/Users/rudyrajput/.m2/repository/org/eclipse/microprofile/context-propagation/microprofile-context-propagation-api/1.0.1/microprofile-context-propagation-api-1.0.1.jar:/Users/rudyrajput/.m2/repository/io/quarkus/quarkus-resteasy-common/1.1.0.Final/quarkus-resteasy-common-1.1.0.Final.jar:/Users/rudyrajput/.m2/repository/org/jboss/resteasy/resteasy-core/4.4.1.Final/resteasy-core-4.4.1.Final.jar:/Users/rudyrajput/.m2/repository/org/jboss/spec/javax/ws/rs/jboss-jaxrs-api_2.1_spec/2.0.1.Final/jboss-jaxrs-api_2.1_spec-2.0.1.Final.jar:/Users/rudyrajput/.m2/repository/org/jboss/spec/javax/xml/bind/jboss-jaxb-api_2.3_spec/2.0.0.Final/jboss-jaxb-api_2.3_spec-2.0.0.Final.jar:/Users/rudyrajput/.m2/repository/org/jboss/resteasy/resteasy-core-spi/4.4.1.Final/resteasy-core-spi-4.4.1.Final.jar:/Users/rudyrajput/.m2/repository/org/reactivestreams/reactive-streams/1.0.3/reactive-streams-1.0.3.jar:/Users/rudyrajput/.m2/repository/org/eclipse/microprofile/config/microprofile-config-api/1.3/microprofile-config-api-1.3.jar:/Users/rudyrajput/.m2/repository/com/sun/activation/jakarta.activation/1.2.1/jakarta.activation-1.2.1.jar:/Users/rudyrajput/.m2/repository/jakarta/validation/jakarta.validation-api/2.0.2/jakarta.validation-api-2.0.2.jar:/Users/rudyrajput/.m2/repository/io/quarkus/quarkus-junit5/1.1.0.Final/quarkus-junit5-1.1.0.Final.jar:/Users/rudyrajput/.m2/repository/io/quarkus/quarkus-bootstrap-core/1.1.0.Final/quarkus-bootstrap-core-1.1.0.Final.jar:/Users/rudyrajput/.m2/repository/com/google/guava/guava/27.0.1-jre/guava-27.0.1-jre.jar:/Users/rudyrajput/.m2/repository/com/google/guava/failureaccess/1.0.1/failureaccess-1.0.1.jar:/Users/rudyrajput/.m2/repository/com/google/guava/listenablefuture/9999.0-empty-to-avoid-conflict-with-guava/listenablefuture-9999.0-empty-to-avoid-conflict-with-guava.jar:/Users/rudyrajput/.m2/repository/com/google/code/findbugs/jsr305/3.0.2/jsr305-3.0.2.jar:/Users/rudyrajput/.m2/repository/org/checkerframework/checker-qual/2.5.2/checker-qual-2.5.2.jar:/Users/rudyrajput/.m2/repository/com/google/errorprone/error_prone_annotations/2.2.0/error_prone_annotations-2.2.0.jar:/Users/rudyrajput/.m2/repository/com/google/j2objc/j2objc-annotations/1.1/j2objc-annotations-1.1.jar:/Users/rudyrajput/.m2/repository/org/codehaus/mojo/animal-sniffer-annotations/1.17/animal-sniffer-annotations-1.17.jar:/Users/rudyrajput/.m2/repository/org/apache/commons/commons-lang3/3.9/commons-lang3-3.9.jar:/Users/rudyrajput/.m2/repository/org/apache/maven/maven-embedder/3.5.4/maven-embedder-3.5.4.jar:/Users/rudyrajput/.m2/repository/org/apache/maven/maven-settings/3.5.4/maven-settings-3.5.4.jar:/Users/rudyrajput/.m2/repository/org/apache/maven/maven-core/3.5.4/maven-core-3.5.4.jar:/Users/rudyrajput/.m2/repository/org/apache/maven/maven-artifact/3.5.4/maven-artifact-3.5.4.jar:/Users/rudyrajput/.m2/repository/org/apache/maven/maven-plugin-api/3.5.4/maven-plugin-api-3.5.4.jar:/Users/rudyrajput/.m2/repository/org/apache/maven/maven-model/3.5.4/maven-model-3.5.4.jar:/Users/rudyrajput/.m2/repository/org/apache/maven/maven-model-builder/3.5.4/maven-model-builder-3.5.4.jar:/Users/rudyrajput/.m2/repository/org/apache/maven/maven-builder-support/3.5.4/maven-builder-support-3.5.4.jar:/Users/rudyrajput/.m2/repository/org/apache/maven/resolver/maven-resolver-api/1.1.1/maven-resolver-api-1.1.1.jar:/Users/rudyrajput/.m2/repository/org/apache/maven/resolver/maven-resolver-util/1.1.1/maven-resolver-util-1.1.1.jar:/Users/rudyrajput/.m2/repository/org/apache/maven/shared/maven-shared-utils/3.2.1/maven-shared-utils-3.2.1.jar:/Users/rudyrajput/.m2/repository/commons-io/commons-io/2.6/commons-io-2.6.jar:/Users/rudyrajput/.m2/repository/com/google/inject/guice/4.2.0/guice-4.2.0-no_aop.jar:/Users/rudyrajput/.m2/repository/aopalliance/aopalliance/1.0/aopalliance-1.0.jar:/Users/rudyrajput/.m2/repository/org/codehaus/plexus/plexus-utils/3.0.24/plexus-utils-3.0.24.jar:/Users/rudyrajput/.m2/repository/org/codehaus/plexus/plexus-classworlds/2.5.2/plexus-classworlds-2.5.2.jar:/Users/rudyrajput/.m2/repository/org/eclipse/sisu/org.eclipse.sisu.plexus/0.3.3/org.eclipse.sisu.plexus-0.3.3.jar:/Users/rudyrajput/.m2/repository/org/codehaus/plexus/plexus-component-annotations/1.7.1/plexus-component-annotations-1.7.1.jar:/Users/rudyrajput/.m2/repository/commons-cli/commons-cli/1.4/commons-cli-1.4.jar:/Users/rudyrajput/.m2/repository/jakarta/annotation/jakarta.annotation-api/1.3.5/jakarta.annotation-api-1.3.5.jar:/Users/rudyrajput/.m2/repository/jakarta/inject/jakarta.inject-api/1.0/jakarta.inject-api-1.0.jar:/Users/rudyrajput/.m2/repository/org/apache/maven/maven-settings-builder/3.5.4/maven-settings-builder-3.5.4.jar:/Users/rudyrajput/.m2/repository/org/codehaus/plexus/plexus-interpolation/1.24/plexus-interpolation-1.24.jar:/Users/rudyrajput/.m2/repository/org/sonatype/plexus/plexus-sec-dispatcher/1.4/plexus-sec-dispatcher-1.4.jar:/Users/rudyrajput/.m2/repository/org/sonatype/plexus/plexus-cipher/1.4/plexus-cipher-1.4.jar:/Users/rudyrajput/.m2/repository/org/apache/maven/maven-resolver-provider/3.5.4/maven-resolver-provider-3.5.4.jar:/Users/rudyrajput/.m2/repository/org/apache/maven/maven-repository-metadata/3.5.4/maven-repository-metadata-3.5.4.jar:/Users/rudyrajput/.m2/repository/org/apache/maven/resolver/maven-resolver-spi/1.1.1/maven-resolver-spi-1.1.1.jar:/Users/rudyrajput/.m2/repository/org/apache/maven/resolver/maven-resolver-impl/1.1.1/maven-resolver-impl-1.1.1.jar:/Users/rudyrajput/.m2/repository/org/apache/maven/resolver/maven-resolver-connector-basic/1.1.1/maven-resolver-connector-basic-1.1.1.jar:/Users/rudyrajput/.m2/repository/org/apache/maven/resolver/maven-resolver-transport-wagon/1.1.1/maven-resolver-transport-wagon-1.1.1.jar:/Users/rudyrajput/.m2/repository/org/apache/maven/wagon/wagon-provider-api/3.0.0/wagon-provider-api-3.0.0.jar:/Users/rudyrajput/.m2/repository/org/apache/maven/wagon/wagon-http/3.0.0/wagon-http-3.0.0.jar:/Users/rudyrajput/.m2/repository/org/apache/maven/wagon/wagon-http-shared/3.0.0/wagon-http-shared-3.0.0.jar:/Users/rudyrajput/.m2/repository/org/jsoup/jsoup/1.7.2/jsoup-1.7.2.jar:/Users/rudyrajput/.m2/repository/org/apache/maven/wagon/wagon-file/3.0.0/wagon-file-3.0.0.jar:/Users/rudyrajput/.m2/repository/org/jboss/logging/jboss-logging/3.3.2.Final/jboss-logging-3.3.2.Final.jar:/Users/rudyrajput/.m2/repository/org/jboss/logging/commons-logging-jboss-logging/1.0.0.Final/commons-logging-jboss-logging-1.0.0.Final.jar:/Users/rudyrajput/.m2/repository/io/quarkus/quarkus-test-common/1.1.0.Final/quarkus-test-common-1.1.0.Final.jar:/Users/rudyrajput/.m2/repository/io/quarkus/quarkus-core-deployment/1.1.0.Final/quarkus-core-deployment-1.1.0.Final.jar:/Users/rudyrajput/.m2/repository/io/quarkus/gizmo/gizmo/1.0.0.Final/gizmo-1.0.0.Final.jar:/Users/rudyrajput/.m2/repository/org/ow2/asm/asm-util/7.1/asm-util-7.1.jar:/Users/rudyrajput/.m2/repository/org/ow2/asm/asm-tree/7.1/asm-tree-7.1.jar:/Users/rudyrajput/.m2/repository/org/ow2/asm/asm-analysis/7.1/asm-analysis-7.1.jar:/Users/rudyrajput/.m2/repository/org/ow2/asm/asm/7.1/asm-7.1.jar:/Users/rudyrajput/.m2/repository/io/quarkus/quarkus-builder/1.1.0.Final/quarkus-builder-1.1.0.Final.jar:/Users/rudyrajput/.m2/repository/io/quarkus/quarkus-jsonp-deployment/1.1.0.Final/quarkus-jsonp-deployment-1.1.0.Final.jar:/Users/rudyrajput/.m2/repository/io/quarkus/quarkus-jsonp/1.1.0.Final/quarkus-jsonp-1.1.0.Final.jar:/Users/rudyrajput/.m2/repository/org/glassfish/jakarta.json/1.1.6/jakarta.json-1.1.6.jar:/Users/rudyrajput/.m2/repository/org/jboss/jandex/2.1.2.Final/jandex-2.1.2.Final.jar:/Users/rudyrajput/.m2/repository/org/junit/jupiter/junit-jupiter/5.5.2/junit-jupiter-5.5.2.jar:/Users/rudyrajput/.m2/repository/org/junit/jupiter/junit-jupiter-api/5.5.2/junit-jupiter-api-5.5.2.jar:/Users/rudyrajput/.m2/repository/org/apiguardian/apiguardian-api/1.1.0/apiguardian-api-1.1.0.jar:/Users/rudyrajput/.m2/repository/org/opentest4j/opentest4j/1.2.0/opentest4j-1.2.0.jar:/Users/rudyrajput/.m2/repository/org/junit/platform/junit-platform-commons/1.5.2/junit-platform-commons-1.5.2.jar:/Users/rudyrajput/.m2/repository/org/junit/jupiter/junit-jupiter-params/5.5.2/junit-jupiter-params-5.5.2.jar:/Users/rudyrajput/.m2/repository/org/junit/jupiter/junit-jupiter-engine/5.5.2/junit-jupiter-engine-5.5.2.jar:/Users/rudyrajput/.m2/repository/org/junit/platform/junit-platform-engine/1.5.2/junit-platform-engine-1.5.2.jar:/Users/rudyrajput/.m2/repository/io/quarkus/quarkus-core/1.1.0.Final/quarkus-core-1.1.0.Final.jar:/Users/rudyrajput/.m2/repository/io/smallrye/config/smallrye-config/1.5.1/smallrye-config-1.5.1.jar:/Users/rudyrajput/.m2/repository/io/smallrye/config/smallrye-config-common/1.5.1/smallrye-config-common-1.5.1.jar:/Users/rudyrajput/.m2/repository/org/jboss/logmanager/jboss-logmanager-embedded/1.0.4/jboss-logmanager-embedded-1.0.4.jar:/Users/rudyrajput/.m2/repository/org/jboss/logging/jboss-logging-annotations/2.1.0.Final/jboss-logging-annotations-2.1.0.Final.jar:/Users/rudyrajput/.m2/repository/org/jboss/threads/jboss-threads/3.0.0.Final/jboss-threads-3.0.0.Final.jar:/Users/rudyrajput/.m2/repository/org/slf4j/slf4j-api/1.7.29/slf4j-api-1.7.29.jar:/Users/rudyrajput/.m2/repository/org/jboss/slf4j/slf4j-jboss-logging/1.2.0.Final/slf4j-jboss-logging-1.2.0.Final.jar:/Users/rudyrajput/.m2/repository/org/graalvm/sdk/graal-sdk/19.2.1/graal-sdk-19.2.1.jar:/Users/rudyrajput/.m2/repository/org/wildfly/common/wildfly-common/1.5.0.Final-format-001/wildfly-common-1.5.0.Final-format-001.jar:/Users/rudyrajput/.m2/repository/io/rest-assured/rest-assured/4.1.2/rest-assured-4.1.2.jar:/Users/rudyrajput/.m2/repository/org/codehaus/groovy/groovy/2.5.8/groovy-2.5.8.jar:/Users/rudyrajput/.m2/repository/org/codehaus/groovy/groovy-xml/2.5.8/groovy-xml-2.5.8.jar:/Users/rudyrajput/.m2/repository/org/apache/httpcomponents/httpclient/4.5.10/httpclient-4.5.10.jar:/Users/rudyrajput/.m2/repository/org/apache/httpcomponents/httpcore/4.4.12/httpcore-4.4.12.jar:/Users/rudyrajput/.m2/repository/commons-codec/commons-codec/1.13/commons-codec-1.13.jar:/Users/rudyrajput/.m2/repository/org/apache/httpcomponents/httpmime/4.5.3/httpmime-4.5.3.jar:/Users/rudyrajput/.m2/repository/org/hamcrest/hamcrest/2.1/hamcrest-2.1.jar:/Users/rudyrajput/.m2/repository/org/ccil/cowan/tagsoup/tagsoup/1.2.1/tagsoup-1.2.1.jar:/Users/rudyrajput/.m2/repository/io/rest-assured/json-path/4.1.2/json-path-4.1.2.jar:/Users/rudyrajput/.m2/repository/org/codehaus/groovy/groovy-json/2.5.8/groovy-json-2.5.8.jar:/Users/rudyrajput/.m2/repository/io/rest-assured/rest-assured-common/4.1.2/rest-assured-common-4.1.2.jar:/Users/rudyrajput/.m2/repository/io/rest-assured/xml-path/4.1.2/xml-path-4.1.2.jar:/Users/rudyrajput/.m2/repository/javax/xml/bind/jaxb-api/2.3.1/jaxb-api-2.3.1.jar:/Users/rudyrajput/.m2/repository/org/apache/sling/org.apache.sling.javax.activation/0.1.0/org.apache.sling.javax.activation-0.1.0.jar:"/>
    <property name="sun.cpu.endian" value="little"/>
    <property name="user.home" value="/Users/rudyrajput"/>
    <property name="user.language" value="en"/>
    <property name="java.specification.vendor" value="Oracle Corporation"/>
    <property name="java.version.date" value="2019-10-15"/>
    <property name="java.home" value="/Library/Java/JavaVirtualMachines/jdk-13.0.1.jdk/Contents/Home"/>
    <property name="file.separator" value="/"/>
    <property name="basedir" value="/Users/rudyrajput/getting-started"/>
    <property name="java.vm.compressedOopsMode" value="Zero based"/>
    <property name="line.separator" value="&#10;"/>
    <property name="java.specification.name" value="Java Platform API Specification"/>
    <property name="java.vm.specification.vendor" value="Oracle Corporation"/>
    <property name="surefire.real.class.path" value="/Users/rudyrajput/getting-started/target/surefire/surefirebooter16903518396598144820.jar"/>
    <property name="sun.management.compiler" value="HotSpot 64-Bit Tiered Compilers"/>
    <property name="ftp.nonProxyHosts" value="local|*.local|169.254/16|*.169.254/16"/>
    <property name="java.runtime.version" value="13.0.1+9"/>
    <property name="user.name" value="rudyrajput"/>
    <property name="path.separator" value=":"/>
    <property name="os.version" value="10.13.6"/>
    <property name="java.runtime.name" value="Java(TM) SE Runtime Environment"/>
    <property name="file.encoding" value="UTF-8"/>
    <property name="java.vm.name" value="Java HotSpot(TM) 64-Bit Server VM"/>
    <property name="localRepository" value="/Users/rudyrajput/.m2/repository"/>
    <property name="java.vendor.url.bug" value="https://bugreport.java.com/bugreport/"/>
    <property name="java.io.tmpdir" value="/var/folders/1g/d9yzwqk1171dc6tdlrr68nnr0000gn/T/"/>
    <property name="java.version" value="13.0.1"/>
    <property name="user.dir" value="/Users/rudyrajput/getting-started"/>
    <property name="os.arch" value="x86_64"/>
    <property name="java.vm.specification.name" value="Java Virtual Machine Specification"/>
    <property name="java.util.logging.manager" value="org.jboss.logmanager.LogManager"/>
    <property name="java.library.path" value="/Users/rudyrajput/Library/Java/Extensions:/Library/Java/Extensions:/Network/Library/Java/Extensions:/System/Library/Java/Extensions:/usr/lib/java:."/>
    <property name="java.vm.info" value="mixed mode, sharing"/>
    <property name="java.vendor" value="Oracle Corporation"/>
    <property name="java.vm.version" value="13.0.1+9"/>
    <property name="sun.io.unicode.encoding" value="UnicodeBig"/>
    <property name="socksNonProxyHosts" value="local|*.local|169.254/16|*.169.254/16"/>
    <property name="java.class.version" value="57.0"/>
  </properties>
  <testcase name="testHelloEndpoint" classname="org.acme.quickstart.GreetingResourceTest" time="0.72"/>
  <testcase name="testGreetingEndpoint" classname="org.acme.quickstart.GreetingResourceTest" time="0.018"/>
</testsuite>